  PCH.cpp
  Win32RenderWindow.cpp
  ViewShadowMap.cpp
  ViewPort.cpp
  ViewPerspective.cpp
  VertexStage.cpp
  VertexShader.cpp
  VertexElement.cpp
  VertexBuffer.cpp
  Vector4fParameterWriter.cpp
  Vector4fParameter.cpp
  Vector4f.cpp
  Vector3fParameterWriter.cpp
  Vector3fParameter.cpp
  Vector3f.cpp
  Vector2fParameterWriter.cpp
  Vector2fParameter.cpp
  Vector2f.cpp
  UnorderedAccessViewConfig.cpp
  UnorderedAccessView.cpp
  UnorderedAccessParameterWriter.cpp
  正在生成代码...
  正在编译...
  UnorderedAccessParameter.cpp
  Transform.cpp
  Timer.cpp
  Texture2DConfig.cpp
  Texture2D.cpp
  Task.cpp
  SwapChainConfig.cpp
  SwapChain.cpp
  StructureParameterWriter.cpp
  StructureParameter.cpp
  StructuredBuffer.cpp
  Skybox.cpp
  ShaderStageState.cpp
  ShaderStage.cpp
  ShaderResourceViewConfig.cpp
  ShaderResourceView.cpp
  ShaderResourceParameterWriter.cpp
  ShaderResourceParameter.cpp
  ShaderReflectionGenerator.cpp
  ShaderReflection.cpp
  正在生成代码...
  正在编译...
  ShaderFactory.cpp
  Shader.cpp
  ScriptManager.cpp
  SceneRenderTask.cpp
  SceneGraph.cpp
  Scene.cpp
  StringUtil.cpp
  SamplerStateConfig.cpp
  SamplerParameterWriter.cpp
  SamplerParameter.cpp
  ResourceProxy.cpp
  Resource.cpp
  RenderWindow.cpp
  RenderTargetViewConfig.cpp
  RenderTargetView.cpp
  RenderParameter.cpp
  Renderer.cpp
  RenderEffect.cpp
  Renderable.cpp
  RasterizerStateConfig.cpp
  正在生成代码...
  正在编译...
  RasterizerStageState.cpp
  RasterizerStage.cpp
  PixelStage.cpp
  PixelShader.cpp
  PipelineManager.cpp
  PickRecord.cpp
  ParameterWriter.cpp
  ParameterManager.cpp
  ParameterContainer.cpp
  OutputMergeStageState.cpp
  OutputMergeStage.cpp
  Node.cpp
  MatrixParameterWriter.cpp
  MatrixParameter.cpp
  MatrixArrayParameterWriter.cpp
  MatrixArrayParameter.cpp
  Matrix4f.cpp
  Matrix3f.cpp
  SMath.cpp
  MaterialLua.cpp
  正在生成代码...
  正在编译...
  MaterialHelper.cpp
  Material.cpp
  EffectGenerator.cpp
  Effect.cpp
  Log.cpp
  Light.cpp
  InputAssemblerState.cpp
  InputAssemblerStageExecutor.cpp
  InputAssemblerStage.cpp
  IndexBuffer.cpp
  IEventListener.cpp
  HullStage.cpp
  HullShader.cpp
  GeometryStage.cpp
  GeometryShader.cpp
  GeometryLoader.cpp
  Geometry.cpp
  GeometryGenerator.cpp
  FloatParameterWriter.cpp
  FloatParameter.cpp
  正在生成代码...
  正在编译...
  FileSystem.cpp
  FileLoader.cpp
  EventWindowResize.cpp
  EventWindowMessage.cpp
  EventMouseWheel.cpp
  EventMouseRButtonUp.cpp
  EventMouseRButtonDown.cpp
  EventMouseMove.cpp
  EventMouseMessage.cpp
  EventMouseMButtonUp.cpp
  EventMouseMButtonDown.cpp
  EventMouseLeave.cpp
  EventMouseLButtonDown.cpp
  EventMouseLButtonUp.cpp
  EventManager.cpp
  EventKeyUp.cpp
  EventKeyDown.cpp
  EventKeyboardMessage.cpp
  EventInfoMessage.cpp
  EventFrameStart.cpp
  正在生成代码...
  正在编译...
  EventErrorMessage.cpp
  EventChar.cpp
  Entity.cpp
  DXGIOutput.cpp
  DXGIAdapter.cpp
  DomainStage.cpp
  DomainShader.cpp
  DirectionalLight.cpp
  DepthStencilViewConfig.cpp
  DepthStencilView.cpp
  DepthStencilStateConfig.cpp
  ConstantBufferParameterWriter.cpp
  ConstantBufferParameter.cpp
  ConstantBuffer.cpp
  ComputeStage.cpp
  ComputeShader.cpp
  MainCamera.cpp
  main.cpp
  LuaSampler.cpp
  LuaMaterial.cpp
  正在生成代码...
  正在编译...
  LuaGeometry.cpp
  LuaEntity.cpp
  LuaEffect.cpp
  LuaActor.cpp
  FFbxShape.cpp
  FFbxMesh.cpp
  FFbxImporter.cpp
  BufferConfig.cpp
  Buffer.cpp
  BoolParameterWriter.cpp
  BoolParameter.cpp
  BlendStateConfig.cpp
  BaseNumericTypeRenderParameter.cpp
  BaseCamera.cpp
  Application.cpp
  Actor.cpp
  imgui_draw.cpp
  imgui_demo.cpp
  imgui.cpp
  VModelReadWriter.cpp
  正在生成代码...
  正在编译...
  FileOutStream.cpp
  FileInStream.cpp
  SandGui.cpp
  EditorManager.cpp
  SString.cpp
  GenericPlatformString.cpp
  VVertex.cpp
  VTriangle.cpp
  VSubMesh.cpp
  VSkeletonManager.cpp
  VSkeleton.cpp
  VScene.cpp
  VPose.cpp
  VMesh.cpp
  VMaterial.cpp
  VKeyFrame.cpp
  VJointManager.cpp
  VJoint.cpp
  VAnimSequence.cpp
  ImportProcesser.cpp
  正在生成代码...
  正在编译...
  FFbxDataConverter.cpp
  FbxLoadercpp.cpp
  FbxImporterProcesser.cpp
  ExportProcesser.cpp
  正在生成代码...
Vector2f.obj : warning LNK4221: 此对象文件未定义任何之前未定义的公共符号，因此任何耗用此库的链接操作都不会使用此文件
  SandRenderer.vcxproj -> E:\Github\DirectX\SandRenderer\Library\Win32\Debug\SandRenderer.lib
  E:\Github\DirectX\SandRenderer\ThirdParty\FBXSDK\2017.0.1\lib\x86\Debug\libfbxsdk.dll
  1 File(s) copied
