e:\github\directx\sandrenderer\source\bin\win32\debug\sandrenderer.pch
e:\github\directx\sandrenderer\library\win32\debug\sandrenderer.pdb
e:\github\directx\sandrenderer\library\win32\debug\sandrenderer.idb
e:\github\directx\sandrenderer\source\bin\win32\debug\pch.obj
e:\github\directx\sandrenderer\source\bin\win32\debug\unorderedaccessparameterwriter.obj
e:\github\directx\sandrenderer\source\bin\win32\debug\unorderedaccessview.obj
e:\github\directx\sandrenderer\source\bin\win32\debug\unorderedaccessviewconfig.obj
e:\github\directx\sandrenderer\source\bin\win32\debug\vector2f.obj
e:\github\directx\sandrenderer\source\bin\win32\debug\vector2fparameter.obj
e:\github\directx\sandrenderer\source\bin\win32\debug\vector2fparameterwriter.obj
e:\github\directx\sandrenderer\source\bin\win32\debug\vector3f.obj
e:\github\directx\sandrenderer\source\bin\win32\debug\vector3fparameter.obj
e:\github\directx\sandrenderer\source\bin\win32\debug\vector3fparameterwriter.obj
e:\github\directx\sandrenderer\source\bin\win32\debug\vector4f.obj
e:\github\directx\sandrenderer\source\bin\win32\debug\vector4fparameter.obj
e:\github\directx\sandrenderer\source\bin\win32\debug\vector4fparameterwriter.obj
e:\github\directx\sandrenderer\source\bin\win32\debug\vertexbuffer.obj
e:\github\directx\sandrenderer\source\bin\win32\debug\vertexelement.obj
e:\github\directx\sandrenderer\source\bin\win32\debug\vertexshader.obj
e:\github\directx\sandrenderer\source\bin\win32\debug\vertexstage.obj
e:\github\directx\sandrenderer\source\bin\win32\debug\viewperspective.obj
e:\github\directx\sandrenderer\source\bin\win32\debug\viewport.obj
e:\github\directx\sandrenderer\source\bin\win32\debug\viewshadowmap.obj
e:\github\directx\sandrenderer\source\bin\win32\debug\win32renderwindow.obj
e:\github\directx\sandrenderer\source\bin\win32\debug\shaderreflection.obj
e:\github\directx\sandrenderer\source\bin\win32\debug\shaderreflectiongenerator.obj
e:\github\directx\sandrenderer\source\bin\win32\debug\shaderresourceparameter.obj
e:\github\directx\sandrenderer\source\bin\win32\debug\shaderresourceparameterwriter.obj
e:\github\directx\sandrenderer\source\bin\win32\debug\shaderresourceview.obj
e:\github\directx\sandrenderer\source\bin\win32\debug\shaderresourceviewconfig.obj
e:\github\directx\sandrenderer\source\bin\win32\debug\shaderstage.obj
e:\github\directx\sandrenderer\source\bin\win32\debug\shaderstagestate.obj
e:\github\directx\sandrenderer\source\bin\win32\debug\skybox.obj
e:\github\directx\sandrenderer\source\bin\win32\debug\structuredbuffer.obj
e:\github\directx\sandrenderer\source\bin\win32\debug\structureparameter.obj
e:\github\directx\sandrenderer\source\bin\win32\debug\structureparameterwriter.obj
e:\github\directx\sandrenderer\source\bin\win32\debug\swapchain.obj
e:\github\directx\sandrenderer\source\bin\win32\debug\swapchainconfig.obj
e:\github\directx\sandrenderer\source\bin\win32\debug\task.obj
e:\github\directx\sandrenderer\source\bin\win32\debug\texture2d.obj
e:\github\directx\sandrenderer\source\bin\win32\debug\texture2dconfig.obj
e:\github\directx\sandrenderer\source\bin\win32\debug\timer.obj
e:\github\directx\sandrenderer\source\bin\win32\debug\transform.obj
e:\github\directx\sandrenderer\source\bin\win32\debug\unorderedaccessparameter.obj
e:\github\directx\sandrenderer\source\bin\win32\debug\rasterizerstateconfig.obj
e:\github\directx\sandrenderer\source\bin\win32\debug\renderable.obj
e:\github\directx\sandrenderer\source\bin\win32\debug\rendereffect.obj
e:\github\directx\sandrenderer\source\bin\win32\debug\renderer.obj
e:\github\directx\sandrenderer\source\bin\win32\debug\renderparameter.obj
e:\github\directx\sandrenderer\source\bin\win32\debug\rendertargetview.obj
e:\github\directx\sandrenderer\source\bin\win32\debug\rendertargetviewconfig.obj
e:\github\directx\sandrenderer\source\bin\win32\debug\renderwindow.obj
e:\github\directx\sandrenderer\source\bin\win32\debug\resource.obj
e:\github\directx\sandrenderer\source\bin\win32\debug\resourceproxy.obj
e:\github\directx\sandrenderer\source\bin\win32\debug\samplerparameter.obj
e:\github\directx\sandrenderer\source\bin\win32\debug\samplerparameterwriter.obj
e:\github\directx\sandrenderer\source\bin\win32\debug\samplerstateconfig.obj
e:\github\directx\sandrenderer\source\bin\win32\debug\stringutil.obj
e:\github\directx\sandrenderer\source\bin\win32\debug\scene.obj
e:\github\directx\sandrenderer\source\bin\win32\debug\scenegraph.obj
e:\github\directx\sandrenderer\source\bin\win32\debug\scenerendertask.obj
e:\github\directx\sandrenderer\source\bin\win32\debug\scriptmanager.obj
e:\github\directx\sandrenderer\source\bin\win32\debug\shader.obj
e:\github\directx\sandrenderer\source\bin\win32\debug\shaderfactory.obj
e:\github\directx\sandrenderer\source\bin\win32\debug\materiallua.obj
e:\github\directx\sandrenderer\source\bin\win32\debug\smath.obj
e:\github\directx\sandrenderer\source\bin\win32\debug\matrix3f.obj
e:\github\directx\sandrenderer\source\bin\win32\debug\matrix4f.obj
e:\github\directx\sandrenderer\source\bin\win32\debug\matrixarrayparameter.obj
e:\github\directx\sandrenderer\source\bin\win32\debug\matrixarrayparameterwriter.obj
e:\github\directx\sandrenderer\source\bin\win32\debug\matrixparameter.obj
e:\github\directx\sandrenderer\source\bin\win32\debug\matrixparameterwriter.obj
e:\github\directx\sandrenderer\source\bin\win32\debug\node.obj
e:\github\directx\sandrenderer\source\bin\win32\debug\outputmergestage.obj
e:\github\directx\sandrenderer\source\bin\win32\debug\outputmergestagestate.obj
e:\github\directx\sandrenderer\source\bin\win32\debug\parametercontainer.obj
e:\github\directx\sandrenderer\source\bin\win32\debug\parametermanager.obj
e:\github\directx\sandrenderer\source\bin\win32\debug\parameterwriter.obj
e:\github\directx\sandrenderer\source\bin\win32\debug\pickrecord.obj
e:\github\directx\sandrenderer\source\bin\win32\debug\pipelinemanager.obj
e:\github\directx\sandrenderer\source\bin\win32\debug\pixelshader.obj
e:\github\directx\sandrenderer\source\bin\win32\debug\pixelstage.obj
e:\github\directx\sandrenderer\source\bin\win32\debug\rasterizerstage.obj
e:\github\directx\sandrenderer\source\bin\win32\debug\rasterizerstagestate.obj
e:\github\directx\sandrenderer\source\bin\win32\debug\floatparameter.obj
e:\github\directx\sandrenderer\source\bin\win32\debug\floatparameterwriter.obj
e:\github\directx\sandrenderer\source\bin\win32\debug\geometrygenerator.obj
e:\github\directx\sandrenderer\source\bin\win32\debug\geometry.obj
e:\github\directx\sandrenderer\source\bin\win32\debug\geometryloader.obj
e:\github\directx\sandrenderer\source\bin\win32\debug\geometryshader.obj
e:\github\directx\sandrenderer\source\bin\win32\debug\geometrystage.obj
e:\github\directx\sandrenderer\source\bin\win32\debug\hullshader.obj
e:\github\directx\sandrenderer\source\bin\win32\debug\hullstage.obj
e:\github\directx\sandrenderer\source\bin\win32\debug\ieventlistener.obj
e:\github\directx\sandrenderer\source\bin\win32\debug\indexbuffer.obj
e:\github\directx\sandrenderer\source\bin\win32\debug\inputassemblerstage.obj
e:\github\directx\sandrenderer\source\bin\win32\debug\inputassemblerstageexecutor.obj
e:\github\directx\sandrenderer\source\bin\win32\debug\inputassemblerstate.obj
e:\github\directx\sandrenderer\source\bin\win32\debug\light.obj
e:\github\directx\sandrenderer\source\bin\win32\debug\log.obj
e:\github\directx\sandrenderer\source\bin\win32\debug\effect.obj
e:\github\directx\sandrenderer\source\bin\win32\debug\effectgenerator.obj
e:\github\directx\sandrenderer\source\bin\win32\debug\material.obj
e:\github\directx\sandrenderer\source\bin\win32\debug\materialhelper.obj
e:\github\directx\sandrenderer\source\bin\win32\debug\eventframestart.obj
e:\github\directx\sandrenderer\source\bin\win32\debug\eventinfomessage.obj
e:\github\directx\sandrenderer\source\bin\win32\debug\eventkeyboardmessage.obj
e:\github\directx\sandrenderer\source\bin\win32\debug\eventkeydown.obj
e:\github\directx\sandrenderer\source\bin\win32\debug\eventkeyup.obj
e:\github\directx\sandrenderer\source\bin\win32\debug\eventmanager.obj
e:\github\directx\sandrenderer\source\bin\win32\debug\eventmouselbuttonup.obj
e:\github\directx\sandrenderer\source\bin\win32\debug\eventmouselbuttondown.obj
e:\github\directx\sandrenderer\source\bin\win32\debug\eventmouseleave.obj
e:\github\directx\sandrenderer\source\bin\win32\debug\eventmousembuttondown.obj
e:\github\directx\sandrenderer\source\bin\win32\debug\eventmousembuttonup.obj
e:\github\directx\sandrenderer\source\bin\win32\debug\eventmousemessage.obj
e:\github\directx\sandrenderer\source\bin\win32\debug\eventmousemove.obj
e:\github\directx\sandrenderer\source\bin\win32\debug\eventmouserbuttondown.obj
e:\github\directx\sandrenderer\source\bin\win32\debug\eventmouserbuttonup.obj
e:\github\directx\sandrenderer\source\bin\win32\debug\eventmousewheel.obj
e:\github\directx\sandrenderer\source\bin\win32\debug\eventwindowmessage.obj
e:\github\directx\sandrenderer\source\bin\win32\debug\eventwindowresize.obj
e:\github\directx\sandrenderer\source\bin\win32\debug\fileloader.obj
e:\github\directx\sandrenderer\source\bin\win32\debug\filesystem.obj
e:\github\directx\sandrenderer\source\bin\win32\debug\luamaterial.obj
e:\github\directx\sandrenderer\source\bin\win32\debug\luasampler.obj
e:\github\directx\sandrenderer\source\bin\win32\debug\main.obj
e:\github\directx\sandrenderer\source\bin\win32\debug\maincamera.obj
e:\github\directx\sandrenderer\source\bin\win32\debug\computeshader.obj
e:\github\directx\sandrenderer\source\bin\win32\debug\computestage.obj
e:\github\directx\sandrenderer\source\bin\win32\debug\constantbuffer.obj
e:\github\directx\sandrenderer\source\bin\win32\debug\constantbufferparameter.obj
e:\github\directx\sandrenderer\source\bin\win32\debug\constantbufferparameterwriter.obj
e:\github\directx\sandrenderer\source\bin\win32\debug\depthstencilstateconfig.obj
e:\github\directx\sandrenderer\source\bin\win32\debug\depthstencilview.obj
e:\github\directx\sandrenderer\source\bin\win32\debug\depthstencilviewconfig.obj
e:\github\directx\sandrenderer\source\bin\win32\debug\directionallight.obj
e:\github\directx\sandrenderer\source\bin\win32\debug\domainshader.obj
e:\github\directx\sandrenderer\source\bin\win32\debug\domainstage.obj
e:\github\directx\sandrenderer\source\bin\win32\debug\dxgiadapter.obj
e:\github\directx\sandrenderer\source\bin\win32\debug\dxgioutput.obj
e:\github\directx\sandrenderer\source\bin\win32\debug\entity.obj
e:\github\directx\sandrenderer\source\bin\win32\debug\eventchar.obj
e:\github\directx\sandrenderer\source\bin\win32\debug\eventerrormessage.obj
e:\github\directx\sandrenderer\source\bin\win32\debug\vmodelreadwriter.obj
e:\github\directx\sandrenderer\source\bin\win32\debug\imgui.obj
e:\github\directx\sandrenderer\source\bin\win32\debug\imgui_demo.obj
e:\github\directx\sandrenderer\source\bin\win32\debug\imgui_draw.obj
e:\github\directx\sandrenderer\source\bin\win32\debug\actor.obj
e:\github\directx\sandrenderer\source\bin\win32\debug\application.obj
e:\github\directx\sandrenderer\source\bin\win32\debug\basecamera.obj
e:\github\directx\sandrenderer\source\bin\win32\debug\basenumerictyperenderparameter.obj
e:\github\directx\sandrenderer\source\bin\win32\debug\blendstateconfig.obj
e:\github\directx\sandrenderer\source\bin\win32\debug\boolparameter.obj
e:\github\directx\sandrenderer\source\bin\win32\debug\boolparameterwriter.obj
e:\github\directx\sandrenderer\source\bin\win32\debug\buffer.obj
e:\github\directx\sandrenderer\source\bin\win32\debug\bufferconfig.obj
e:\github\directx\sandrenderer\source\bin\win32\debug\ffbximporter.obj
e:\github\directx\sandrenderer\source\bin\win32\debug\ffbxmesh.obj
e:\github\directx\sandrenderer\source\bin\win32\debug\ffbxshape.obj
e:\github\directx\sandrenderer\source\bin\win32\debug\luaactor.obj
e:\github\directx\sandrenderer\source\bin\win32\debug\luaeffect.obj
e:\github\directx\sandrenderer\source\bin\win32\debug\luaentity.obj
e:\github\directx\sandrenderer\source\bin\win32\debug\luageometry.obj
e:\github\directx\sandrenderer\source\bin\win32\debug\importprocesser.obj
e:\github\directx\sandrenderer\source\bin\win32\debug\vanimsequence.obj
e:\github\directx\sandrenderer\source\bin\win32\debug\vjoint.obj
e:\github\directx\sandrenderer\source\bin\win32\debug\vjointmanager.obj
e:\github\directx\sandrenderer\source\bin\win32\debug\vkeyframe.obj
e:\github\directx\sandrenderer\source\bin\win32\debug\vmaterial.obj
e:\github\directx\sandrenderer\source\bin\win32\debug\vmesh.obj
e:\github\directx\sandrenderer\source\bin\win32\debug\vpose.obj
e:\github\directx\sandrenderer\source\bin\win32\debug\vscene.obj
e:\github\directx\sandrenderer\source\bin\win32\debug\vskeleton.obj
e:\github\directx\sandrenderer\source\bin\win32\debug\vskeletonmanager.obj
e:\github\directx\sandrenderer\source\bin\win32\debug\vsubmesh.obj
e:\github\directx\sandrenderer\source\bin\win32\debug\vtriangle.obj
e:\github\directx\sandrenderer\source\bin\win32\debug\vvertex.obj
e:\github\directx\sandrenderer\source\bin\win32\debug\genericplatformstring.obj
e:\github\directx\sandrenderer\source\bin\win32\debug\sstring.obj
e:\github\directx\sandrenderer\source\bin\win32\debug\editormanager.obj
e:\github\directx\sandrenderer\source\bin\win32\debug\sandgui.obj
e:\github\directx\sandrenderer\source\bin\win32\debug\fileinstream.obj
e:\github\directx\sandrenderer\source\bin\win32\debug\fileoutstream.obj
e:\github\directx\sandrenderer\source\bin\win32\debug\exportprocesser.obj
e:\github\directx\sandrenderer\source\bin\win32\debug\fbximporterprocesser.obj
e:\github\directx\sandrenderer\source\bin\win32\debug\fbxloadercpp.obj
e:\github\directx\sandrenderer\source\bin\win32\debug\ffbxdataconverter.obj
e:\github\directx\sandrenderer\library\win32\debug\sandrenderer.lib
e:\github\directx\sandrenderer\source\bin\win32\debug\sandrenderer.tlog\cl.command.1.tlog
e:\github\directx\sandrenderer\source\bin\win32\debug\sandrenderer.tlog\cl.read.1.tlog
e:\github\directx\sandrenderer\source\bin\win32\debug\sandrenderer.tlog\cl.write.1.tlog
e:\github\directx\sandrenderer\source\bin\win32\debug\sandrenderer.tlog\lib-link.read.1.tlog
e:\github\directx\sandrenderer\source\bin\win32\debug\sandrenderer.tlog\lib-link.write.1.tlog
e:\github\directx\sandrenderer\source\bin\win32\debug\sandrenderer.tlog\lib.command.1.tlog
