e:\github\directx\sandrenderer\source\bin\x64\debug\sandrenderer.pch
e:\github\directx\sandrenderer\library\x64\debug\sandrenderer.pdb
e:\github\directx\sandrenderer\library\x64\debug\sandrenderer.idb
e:\github\directx\sandrenderer\source\bin\x64\debug\pch.obj
e:\github\directx\sandrenderer\source\bin\x64\debug\unorderedaccessparameterwriter.obj
e:\github\directx\sandrenderer\source\bin\x64\debug\unorderedaccessview.obj
e:\github\directx\sandrenderer\source\bin\x64\debug\unorderedaccessviewconfig.obj
e:\github\directx\sandrenderer\source\bin\x64\debug\vector2f.obj
e:\github\directx\sandrenderer\source\bin\x64\debug\vector2fparameter.obj
e:\github\directx\sandrenderer\source\bin\x64\debug\vector2fparameterwriter.obj
e:\github\directx\sandrenderer\source\bin\x64\debug\vector3f.obj
e:\github\directx\sandrenderer\source\bin\x64\debug\vector3fparameter.obj
e:\github\directx\sandrenderer\source\bin\x64\debug\vector3fparameterwriter.obj
e:\github\directx\sandrenderer\source\bin\x64\debug\vector4f.obj
e:\github\directx\sandrenderer\source\bin\x64\debug\vector4fparameter.obj
e:\github\directx\sandrenderer\source\bin\x64\debug\vector4fparameterwriter.obj
e:\github\directx\sandrenderer\source\bin\x64\debug\vertexbuffer.obj
e:\github\directx\sandrenderer\source\bin\x64\debug\vertexelement.obj
e:\github\directx\sandrenderer\source\bin\x64\debug\vertexshader.obj
e:\github\directx\sandrenderer\source\bin\x64\debug\vertexstage.obj
e:\github\directx\sandrenderer\source\bin\x64\debug\viewperspective.obj
e:\github\directx\sandrenderer\source\bin\x64\debug\viewport.obj
e:\github\directx\sandrenderer\source\bin\x64\debug\viewshadowmap.obj
e:\github\directx\sandrenderer\source\bin\x64\debug\win32renderwindow.obj
e:\github\directx\sandrenderer\source\bin\x64\debug\shaderreflection.obj
e:\github\directx\sandrenderer\source\bin\x64\debug\shaderreflectiongenerator.obj
e:\github\directx\sandrenderer\source\bin\x64\debug\shaderresourceparameter.obj
e:\github\directx\sandrenderer\source\bin\x64\debug\shaderresourceparameterwriter.obj
e:\github\directx\sandrenderer\source\bin\x64\debug\shaderresourceview.obj
e:\github\directx\sandrenderer\source\bin\x64\debug\shaderresourceviewconfig.obj
e:\github\directx\sandrenderer\source\bin\x64\debug\shaderstage.obj
e:\github\directx\sandrenderer\source\bin\x64\debug\shaderstagestate.obj
e:\github\directx\sandrenderer\source\bin\x64\debug\skybox.obj
e:\github\directx\sandrenderer\source\bin\x64\debug\structuredbuffer.obj
e:\github\directx\sandrenderer\source\bin\x64\debug\structureparameter.obj
e:\github\directx\sandrenderer\source\bin\x64\debug\structureparameterwriter.obj
e:\github\directx\sandrenderer\source\bin\x64\debug\swapchain.obj
e:\github\directx\sandrenderer\source\bin\x64\debug\swapchainconfig.obj
e:\github\directx\sandrenderer\source\bin\x64\debug\task.obj
e:\github\directx\sandrenderer\source\bin\x64\debug\texture2d.obj
e:\github\directx\sandrenderer\source\bin\x64\debug\texture2dconfig.obj
e:\github\directx\sandrenderer\source\bin\x64\debug\timer.obj
e:\github\directx\sandrenderer\source\bin\x64\debug\transform.obj
e:\github\directx\sandrenderer\source\bin\x64\debug\unorderedaccessparameter.obj
e:\github\directx\sandrenderer\source\bin\x64\debug\rasterizerstateconfig.obj
e:\github\directx\sandrenderer\source\bin\x64\debug\renderable.obj
e:\github\directx\sandrenderer\source\bin\x64\debug\rendereffect.obj
e:\github\directx\sandrenderer\source\bin\x64\debug\renderer.obj
e:\github\directx\sandrenderer\source\bin\x64\debug\renderparameter.obj
e:\github\directx\sandrenderer\source\bin\x64\debug\rendertargetview.obj
e:\github\directx\sandrenderer\source\bin\x64\debug\rendertargetviewconfig.obj
e:\github\directx\sandrenderer\source\bin\x64\debug\renderwindow.obj
e:\github\directx\sandrenderer\source\bin\x64\debug\resource.obj
e:\github\directx\sandrenderer\source\bin\x64\debug\resourceproxy.obj
e:\github\directx\sandrenderer\source\bin\x64\debug\samplerparameter.obj
e:\github\directx\sandrenderer\source\bin\x64\debug\samplerparameterwriter.obj
e:\github\directx\sandrenderer\source\bin\x64\debug\samplerstateconfig.obj
e:\github\directx\sandrenderer\source\bin\x64\debug\stringutil.obj
e:\github\directx\sandrenderer\source\bin\x64\debug\scene.obj
e:\github\directx\sandrenderer\source\bin\x64\debug\scenegraph.obj
e:\github\directx\sandrenderer\source\bin\x64\debug\scenerendertask.obj
e:\github\directx\sandrenderer\source\bin\x64\debug\scriptmanager.obj
e:\github\directx\sandrenderer\source\bin\x64\debug\shader.obj
e:\github\directx\sandrenderer\source\bin\x64\debug\shaderfactory.obj
e:\github\directx\sandrenderer\source\bin\x64\debug\materiallua.obj
e:\github\directx\sandrenderer\source\bin\x64\debug\smath.obj
e:\github\directx\sandrenderer\source\bin\x64\debug\matrix3f.obj
e:\github\directx\sandrenderer\source\bin\x64\debug\matrix4f.obj
e:\github\directx\sandrenderer\source\bin\x64\debug\matrixarrayparameter.obj
e:\github\directx\sandrenderer\source\bin\x64\debug\matrixarrayparameterwriter.obj
e:\github\directx\sandrenderer\source\bin\x64\debug\matrixparameter.obj
e:\github\directx\sandrenderer\source\bin\x64\debug\matrixparameterwriter.obj
e:\github\directx\sandrenderer\source\bin\x64\debug\node.obj
e:\github\directx\sandrenderer\source\bin\x64\debug\outputmergestage.obj
e:\github\directx\sandrenderer\source\bin\x64\debug\outputmergestagestate.obj
e:\github\directx\sandrenderer\source\bin\x64\debug\parametercontainer.obj
e:\github\directx\sandrenderer\source\bin\x64\debug\parametermanager.obj
e:\github\directx\sandrenderer\source\bin\x64\debug\parameterwriter.obj
e:\github\directx\sandrenderer\source\bin\x64\debug\pickrecord.obj
e:\github\directx\sandrenderer\source\bin\x64\debug\pipelinemanager.obj
e:\github\directx\sandrenderer\source\bin\x64\debug\pixelshader.obj
e:\github\directx\sandrenderer\source\bin\x64\debug\pixelstage.obj
e:\github\directx\sandrenderer\source\bin\x64\debug\rasterizerstage.obj
e:\github\directx\sandrenderer\source\bin\x64\debug\rasterizerstagestate.obj
e:\github\directx\sandrenderer\source\bin\x64\debug\floatparameter.obj
e:\github\directx\sandrenderer\source\bin\x64\debug\floatparameterwriter.obj
e:\github\directx\sandrenderer\source\bin\x64\debug\geometrygenerator.obj
e:\github\directx\sandrenderer\source\bin\x64\debug\geometry.obj
e:\github\directx\sandrenderer\source\bin\x64\debug\geometryloader.obj
e:\github\directx\sandrenderer\source\bin\x64\debug\geometryshader.obj
e:\github\directx\sandrenderer\source\bin\x64\debug\geometrystage.obj
e:\github\directx\sandrenderer\source\bin\x64\debug\hullshader.obj
e:\github\directx\sandrenderer\source\bin\x64\debug\hullstage.obj
e:\github\directx\sandrenderer\source\bin\x64\debug\ieventlistener.obj
e:\github\directx\sandrenderer\source\bin\x64\debug\indexbuffer.obj
e:\github\directx\sandrenderer\source\bin\x64\debug\inputassemblerstage.obj
e:\github\directx\sandrenderer\source\bin\x64\debug\inputassemblerstageexecutor.obj
e:\github\directx\sandrenderer\source\bin\x64\debug\inputassemblerstate.obj
e:\github\directx\sandrenderer\source\bin\x64\debug\light.obj
e:\github\directx\sandrenderer\source\bin\x64\debug\log.obj
e:\github\directx\sandrenderer\source\bin\x64\debug\effect.obj
e:\github\directx\sandrenderer\source\bin\x64\debug\effectgenerator.obj
e:\github\directx\sandrenderer\source\bin\x64\debug\material.obj
e:\github\directx\sandrenderer\source\bin\x64\debug\materialhelper.obj
e:\github\directx\sandrenderer\source\bin\x64\debug\eventframestart.obj
e:\github\directx\sandrenderer\source\bin\x64\debug\eventinfomessage.obj
e:\github\directx\sandrenderer\source\bin\x64\debug\eventkeyboardmessage.obj
e:\github\directx\sandrenderer\source\bin\x64\debug\eventkeydown.obj
e:\github\directx\sandrenderer\source\bin\x64\debug\eventkeyup.obj
e:\github\directx\sandrenderer\source\bin\x64\debug\eventmanager.obj
e:\github\directx\sandrenderer\source\bin\x64\debug\eventmouselbuttonup.obj
e:\github\directx\sandrenderer\source\bin\x64\debug\eventmouselbuttondown.obj
e:\github\directx\sandrenderer\source\bin\x64\debug\eventmouseleave.obj
e:\github\directx\sandrenderer\source\bin\x64\debug\eventmousembuttondown.obj
e:\github\directx\sandrenderer\source\bin\x64\debug\eventmousembuttonup.obj
e:\github\directx\sandrenderer\source\bin\x64\debug\eventmousemessage.obj
e:\github\directx\sandrenderer\source\bin\x64\debug\eventmousemove.obj
e:\github\directx\sandrenderer\source\bin\x64\debug\eventmouserbuttondown.obj
e:\github\directx\sandrenderer\source\bin\x64\debug\eventmouserbuttonup.obj
e:\github\directx\sandrenderer\source\bin\x64\debug\eventmousewheel.obj
e:\github\directx\sandrenderer\source\bin\x64\debug\eventwindowmessage.obj
e:\github\directx\sandrenderer\source\bin\x64\debug\eventwindowresize.obj
e:\github\directx\sandrenderer\source\bin\x64\debug\fileloader.obj
e:\github\directx\sandrenderer\source\bin\x64\debug\filesystem.obj
e:\github\directx\sandrenderer\source\bin\x64\debug\luamaterial.obj
e:\github\directx\sandrenderer\source\bin\x64\debug\luasampler.obj
e:\github\directx\sandrenderer\source\bin\x64\debug\main.obj
e:\github\directx\sandrenderer\source\bin\x64\debug\maincamera.obj
e:\github\directx\sandrenderer\source\bin\x64\debug\computeshader.obj
e:\github\directx\sandrenderer\source\bin\x64\debug\computestage.obj
e:\github\directx\sandrenderer\source\bin\x64\debug\constantbuffer.obj
e:\github\directx\sandrenderer\source\bin\x64\debug\constantbufferparameter.obj
e:\github\directx\sandrenderer\source\bin\x64\debug\constantbufferparameterwriter.obj
e:\github\directx\sandrenderer\source\bin\x64\debug\depthstencilstateconfig.obj
e:\github\directx\sandrenderer\source\bin\x64\debug\depthstencilview.obj
e:\github\directx\sandrenderer\source\bin\x64\debug\depthstencilviewconfig.obj
e:\github\directx\sandrenderer\source\bin\x64\debug\directionallight.obj
e:\github\directx\sandrenderer\source\bin\x64\debug\domainshader.obj
e:\github\directx\sandrenderer\source\bin\x64\debug\domainstage.obj
e:\github\directx\sandrenderer\source\bin\x64\debug\dxgiadapter.obj
e:\github\directx\sandrenderer\source\bin\x64\debug\dxgioutput.obj
e:\github\directx\sandrenderer\source\bin\x64\debug\entity.obj
e:\github\directx\sandrenderer\source\bin\x64\debug\eventchar.obj
e:\github\directx\sandrenderer\source\bin\x64\debug\eventerrormessage.obj
e:\github\directx\sandrenderer\source\bin\x64\debug\vmodelreadwriter.obj
e:\github\directx\sandrenderer\source\bin\x64\debug\imgui.obj
e:\github\directx\sandrenderer\source\bin\x64\debug\imgui_demo.obj
e:\github\directx\sandrenderer\source\bin\x64\debug\imgui_draw.obj
e:\github\directx\sandrenderer\source\bin\x64\debug\actor.obj
e:\github\directx\sandrenderer\source\bin\x64\debug\application.obj
e:\github\directx\sandrenderer\source\bin\x64\debug\basecamera.obj
e:\github\directx\sandrenderer\source\bin\x64\debug\basenumerictyperenderparameter.obj
e:\github\directx\sandrenderer\source\bin\x64\debug\blendstateconfig.obj
e:\github\directx\sandrenderer\source\bin\x64\debug\boolparameter.obj
e:\github\directx\sandrenderer\source\bin\x64\debug\boolparameterwriter.obj
e:\github\directx\sandrenderer\source\bin\x64\debug\buffer.obj
e:\github\directx\sandrenderer\source\bin\x64\debug\bufferconfig.obj
e:\github\directx\sandrenderer\source\bin\x64\debug\ffbximporter.obj
e:\github\directx\sandrenderer\source\bin\x64\debug\ffbxmesh.obj
e:\github\directx\sandrenderer\source\bin\x64\debug\ffbxshape.obj
e:\github\directx\sandrenderer\source\bin\x64\debug\luaactor.obj
e:\github\directx\sandrenderer\source\bin\x64\debug\luaeffect.obj
e:\github\directx\sandrenderer\source\bin\x64\debug\luaentity.obj
e:\github\directx\sandrenderer\source\bin\x64\debug\luageometry.obj
e:\github\directx\sandrenderer\source\bin\x64\debug\importprocesser.obj
e:\github\directx\sandrenderer\source\bin\x64\debug\vanimsequence.obj
e:\github\directx\sandrenderer\source\bin\x64\debug\vjoint.obj
e:\github\directx\sandrenderer\source\bin\x64\debug\vjointmanager.obj
e:\github\directx\sandrenderer\source\bin\x64\debug\vkeyframe.obj
e:\github\directx\sandrenderer\source\bin\x64\debug\vmaterial.obj
e:\github\directx\sandrenderer\source\bin\x64\debug\vmesh.obj
e:\github\directx\sandrenderer\source\bin\x64\debug\vpose.obj
e:\github\directx\sandrenderer\source\bin\x64\debug\vscene.obj
e:\github\directx\sandrenderer\source\bin\x64\debug\vskeleton.obj
e:\github\directx\sandrenderer\source\bin\x64\debug\vskeletonmanager.obj
e:\github\directx\sandrenderer\source\bin\x64\debug\vsubmesh.obj
e:\github\directx\sandrenderer\source\bin\x64\debug\vtriangle.obj
e:\github\directx\sandrenderer\source\bin\x64\debug\vvertex.obj
e:\github\directx\sandrenderer\source\bin\x64\debug\genericplatformstring.obj
e:\github\directx\sandrenderer\source\bin\x64\debug\sstring.obj
e:\github\directx\sandrenderer\source\bin\x64\debug\editormanager.obj
e:\github\directx\sandrenderer\source\bin\x64\debug\sandgui.obj
e:\github\directx\sandrenderer\source\bin\x64\debug\fileinstream.obj
e:\github\directx\sandrenderer\source\bin\x64\debug\fileoutstream.obj
e:\github\directx\sandrenderer\source\bin\x64\debug\exportprocesser.obj
e:\github\directx\sandrenderer\source\bin\x64\debug\fbximporterprocesser.obj
e:\github\directx\sandrenderer\source\bin\x64\debug\fbxloadercpp.obj
e:\github\directx\sandrenderer\source\bin\x64\debug\ffbxdataconverter.obj
e:\github\directx\sandrenderer\source\bin\x64\debug\sandrenderer.tlog\cl.command.1.tlog
e:\github\directx\sandrenderer\source\bin\x64\debug\sandrenderer.tlog\cl.read.1.tlog
e:\github\directx\sandrenderer\source\bin\x64\debug\sandrenderer.tlog\cl.write.1.tlog
e:\github\directx\sandrenderer\source\bin\x64\debug\sandrenderer.tlog\lib-link.read.1.tlog
e:\github\directx\sandrenderer\source\bin\x64\debug\sandrenderer.tlog\lib-link.write.1.tlog
e:\github\directx\sandrenderer\source\bin\x64\debug\sandrenderer.tlog\lib.command.1.tlog
