e:\github\directx\sandrenderer\source\bin\win32\release\sandrenderer.pch
e:\github\directx\sandrenderer\library\win32\release\sandrenderer.pdb
e:\github\directx\sandrenderer\source\bin\win32\release\pch.obj
e:\github\directx\sandrenderer\source\bin\win32\release\vvertex.obj
e:\github\directx\sandrenderer\source\bin\win32\release\vsubmesh.obj
e:\github\directx\sandrenderer\source\bin\win32\release\vskeletonmanager.obj
e:\github\directx\sandrenderer\source\bin\win32\release\vskeleton.obj
e:\github\directx\sandrenderer\source\bin\win32\release\vscene.obj
e:\github\directx\sandrenderer\source\bin\win32\release\vpose.obj
e:\github\directx\sandrenderer\source\bin\win32\release\vmesh.obj
e:\github\directx\sandrenderer\source\bin\win32\release\vkeyframe.obj
e:\github\directx\sandrenderer\source\bin\win32\release\vjointmanager.obj
e:\github\directx\sandrenderer\source\bin\win32\release\vjoint.obj
e:\github\directx\sandrenderer\source\bin\win32\release\vanimsequence.obj
e:\github\directx\sandrenderer\source\bin\win32\release\importprocesser.obj
e:\github\directx\sandrenderer\source\bin\win32\release\ffbxdataconverter.obj
e:\github\directx\sandrenderer\source\bin\win32\release\fbximporterprocesser.obj
e:\github\directx\sandrenderer\source\bin\win32\release\exportprocesser.obj
e:\github\directx\sandrenderer\source\bin\win32\release\main.obj
e:\github\directx\sandrenderer\source\bin\win32\release\luasampler.obj
e:\github\directx\sandrenderer\source\bin\win32\release\luamaterial.obj
e:\github\directx\sandrenderer\source\bin\win32\release\luageometry.obj
e:\github\directx\sandrenderer\source\bin\win32\release\luaentity.obj
e:\github\directx\sandrenderer\source\bin\win32\release\luaeffect.obj
e:\github\directx\sandrenderer\source\bin\win32\release\luaactor.obj
e:\github\directx\sandrenderer\source\bin\win32\release\ffbxshape.obj
e:\github\directx\sandrenderer\source\bin\win32\release\ffbxmesh.obj
e:\github\directx\sandrenderer\source\bin\win32\release\bufferconfig.obj
e:\github\directx\sandrenderer\source\bin\win32\release\buffer.obj
e:\github\directx\sandrenderer\source\bin\win32\release\boolparameterwriter.obj
e:\github\directx\sandrenderer\source\bin\win32\release\boolparameter.obj
e:\github\directx\sandrenderer\source\bin\win32\release\blendstateconfig.obj
e:\github\directx\sandrenderer\source\bin\win32\release\basenumerictyperenderparameter.obj
e:\github\directx\sandrenderer\source\bin\win32\release\basecamera.obj
e:\github\directx\sandrenderer\source\bin\win32\release\application.obj
e:\github\directx\sandrenderer\source\bin\win32\release\actor.obj
e:\github\directx\sandrenderer\source\bin\win32\release\eventkeyboardmessage.obj
e:\github\directx\sandrenderer\source\bin\win32\release\eventinfomessage.obj
e:\github\directx\sandrenderer\source\bin\win32\release\eventframestart.obj
e:\github\directx\sandrenderer\source\bin\win32\release\eventerrormessage.obj
e:\github\directx\sandrenderer\source\bin\win32\release\eventchar.obj
e:\github\directx\sandrenderer\source\bin\win32\release\entity.obj
e:\github\directx\sandrenderer\source\bin\win32\release\dxgioutput.obj
e:\github\directx\sandrenderer\source\bin\win32\release\dxgiadapter.obj
e:\github\directx\sandrenderer\source\bin\win32\release\domainstage.obj
e:\github\directx\sandrenderer\source\bin\win32\release\domainshader.obj
e:\github\directx\sandrenderer\source\bin\win32\release\directionallight.obj
e:\github\directx\sandrenderer\source\bin\win32\release\depthstencilviewconfig.obj
e:\github\directx\sandrenderer\source\bin\win32\release\depthstencilview.obj
e:\github\directx\sandrenderer\source\bin\win32\release\depthstencilstateconfig.obj
e:\github\directx\sandrenderer\source\bin\win32\release\constantbufferparameterwriter.obj
e:\github\directx\sandrenderer\source\bin\win32\release\constantbufferparameter.obj
e:\github\directx\sandrenderer\source\bin\win32\release\constantbuffer.obj
e:\github\directx\sandrenderer\source\bin\win32\release\computestage.obj
e:\github\directx\sandrenderer\source\bin\win32\release\computeshader.obj
e:\github\directx\sandrenderer\source\bin\win32\release\maincamera.obj
e:\github\directx\sandrenderer\source\bin\win32\release\geometrygenerator.obj
e:\github\directx\sandrenderer\source\bin\win32\release\floatparameterwriter.obj
e:\github\directx\sandrenderer\source\bin\win32\release\floatparameter.obj
e:\github\directx\sandrenderer\source\bin\win32\release\filesystem.obj
e:\github\directx\sandrenderer\source\bin\win32\release\fileloader.obj
e:\github\directx\sandrenderer\source\bin\win32\release\eventwindowresize.obj
e:\github\directx\sandrenderer\source\bin\win32\release\eventwindowmessage.obj
e:\github\directx\sandrenderer\source\bin\win32\release\eventmousewheel.obj
e:\github\directx\sandrenderer\source\bin\win32\release\eventmouserbuttonup.obj
e:\github\directx\sandrenderer\source\bin\win32\release\eventmouserbuttondown.obj
e:\github\directx\sandrenderer\source\bin\win32\release\eventmousemove.obj
e:\github\directx\sandrenderer\source\bin\win32\release\eventmousemessage.obj
e:\github\directx\sandrenderer\source\bin\win32\release\eventmousembuttonup.obj
e:\github\directx\sandrenderer\source\bin\win32\release\eventmousembuttondown.obj
e:\github\directx\sandrenderer\source\bin\win32\release\eventmouseleave.obj
e:\github\directx\sandrenderer\source\bin\win32\release\eventmouselbuttondown.obj
e:\github\directx\sandrenderer\source\bin\win32\release\eventmouselbuttonup.obj
e:\github\directx\sandrenderer\source\bin\win32\release\eventmanager.obj
e:\github\directx\sandrenderer\source\bin\win32\release\eventkeyup.obj
e:\github\directx\sandrenderer\source\bin\win32\release\eventkeydown.obj
e:\github\directx\sandrenderer\source\bin\win32\release\matrix3f.obj
e:\github\directx\sandrenderer\source\bin\win32\release\smath.obj
e:\github\directx\sandrenderer\source\bin\win32\release\materiallua.obj
e:\github\directx\sandrenderer\source\bin\win32\release\materialhelper.obj
e:\github\directx\sandrenderer\source\bin\win32\release\material.obj
e:\github\directx\sandrenderer\source\bin\win32\release\effectgenerator.obj
e:\github\directx\sandrenderer\source\bin\win32\release\effect.obj
e:\github\directx\sandrenderer\source\bin\win32\release\log.obj
e:\github\directx\sandrenderer\source\bin\win32\release\light.obj
e:\github\directx\sandrenderer\source\bin\win32\release\inputassemblerstate.obj
e:\github\directx\sandrenderer\source\bin\win32\release\inputassemblerstageexecutor.obj
e:\github\directx\sandrenderer\source\bin\win32\release\inputassemblerstage.obj
e:\github\directx\sandrenderer\source\bin\win32\release\indexbuffer.obj
e:\github\directx\sandrenderer\source\bin\win32\release\ieventlistener.obj
e:\github\directx\sandrenderer\source\bin\win32\release\hullstage.obj
e:\github\directx\sandrenderer\source\bin\win32\release\hullshader.obj
e:\github\directx\sandrenderer\source\bin\win32\release\geometrystage.obj
e:\github\directx\sandrenderer\source\bin\win32\release\geometryshader.obj
e:\github\directx\sandrenderer\source\bin\win32\release\geometryloader.obj
e:\github\directx\sandrenderer\source\bin\win32\release\geometry.obj
e:\github\directx\sandrenderer\source\bin\win32\release\rendereffect.obj
e:\github\directx\sandrenderer\source\bin\win32\release\renderable.obj
e:\github\directx\sandrenderer\source\bin\win32\release\rasterizerstateconfig.obj
e:\github\directx\sandrenderer\source\bin\win32\release\rasterizerstagestate.obj
e:\github\directx\sandrenderer\source\bin\win32\release\rasterizerstage.obj
e:\github\directx\sandrenderer\source\bin\win32\release\pixelstage.obj
e:\github\directx\sandrenderer\source\bin\win32\release\pixelshader.obj
e:\github\directx\sandrenderer\source\bin\win32\release\pipelinemanager.obj
e:\github\directx\sandrenderer\source\bin\win32\release\pickrecord.obj
e:\github\directx\sandrenderer\source\bin\win32\release\parameterwriter.obj
e:\github\directx\sandrenderer\source\bin\win32\release\parametermanager.obj
e:\github\directx\sandrenderer\source\bin\win32\release\parametercontainer.obj
e:\github\directx\sandrenderer\source\bin\win32\release\outputmergestagestate.obj
e:\github\directx\sandrenderer\source\bin\win32\release\outputmergestage.obj
e:\github\directx\sandrenderer\source\bin\win32\release\node.obj
e:\github\directx\sandrenderer\source\bin\win32\release\matrixparameterwriter.obj
e:\github\directx\sandrenderer\source\bin\win32\release\matrixparameter.obj
e:\github\directx\sandrenderer\source\bin\win32\release\matrixarrayparameterwriter.obj
e:\github\directx\sandrenderer\source\bin\win32\release\matrixarrayparameter.obj
e:\github\directx\sandrenderer\source\bin\win32\release\matrix4f.obj
e:\github\directx\sandrenderer\source\bin\win32\release\shaderresourceparameter.obj
e:\github\directx\sandrenderer\source\bin\win32\release\shaderreflectiongenerator.obj
e:\github\directx\sandrenderer\source\bin\win32\release\shaderreflection.obj
e:\github\directx\sandrenderer\source\bin\win32\release\shaderfactory.obj
e:\github\directx\sandrenderer\source\bin\win32\release\shader.obj
e:\github\directx\sandrenderer\source\bin\win32\release\scriptmanager.obj
e:\github\directx\sandrenderer\source\bin\win32\release\scenerendertask.obj
e:\github\directx\sandrenderer\source\bin\win32\release\scenegraph.obj
e:\github\directx\sandrenderer\source\bin\win32\release\scene.obj
e:\github\directx\sandrenderer\source\bin\win32\release\sandstring.obj
e:\github\directx\sandrenderer\source\bin\win32\release\samplerstateconfig.obj
e:\github\directx\sandrenderer\source\bin\win32\release\samplerparameterwriter.obj
e:\github\directx\sandrenderer\source\bin\win32\release\samplerparameter.obj
e:\github\directx\sandrenderer\source\bin\win32\release\resourceproxy.obj
e:\github\directx\sandrenderer\source\bin\win32\release\resource.obj
e:\github\directx\sandrenderer\source\bin\win32\release\renderwindow.obj
e:\github\directx\sandrenderer\source\bin\win32\release\rendertargetviewconfig.obj
e:\github\directx\sandrenderer\source\bin\win32\release\rendertargetview.obj
e:\github\directx\sandrenderer\source\bin\win32\release\renderparameter.obj
e:\github\directx\sandrenderer\source\bin\win32\release\renderer.obj
e:\github\directx\sandrenderer\source\bin\win32\release\unorderedaccessviewconfig.obj
e:\github\directx\sandrenderer\source\bin\win32\release\unorderedaccessview.obj
e:\github\directx\sandrenderer\source\bin\win32\release\unorderedaccessparameterwriter.obj
e:\github\directx\sandrenderer\source\bin\win32\release\unorderedaccessparameter.obj
e:\github\directx\sandrenderer\source\bin\win32\release\transform.obj
e:\github\directx\sandrenderer\source\bin\win32\release\timer.obj
e:\github\directx\sandrenderer\source\bin\win32\release\texture2dconfig.obj
e:\github\directx\sandrenderer\source\bin\win32\release\texture2d.obj
e:\github\directx\sandrenderer\source\bin\win32\release\task.obj
e:\github\directx\sandrenderer\source\bin\win32\release\swapchainconfig.obj
e:\github\directx\sandrenderer\source\bin\win32\release\swapchain.obj
e:\github\directx\sandrenderer\source\bin\win32\release\structureparameterwriter.obj
e:\github\directx\sandrenderer\source\bin\win32\release\structureparameter.obj
e:\github\directx\sandrenderer\source\bin\win32\release\structuredbuffer.obj
e:\github\directx\sandrenderer\source\bin\win32\release\skybox.obj
e:\github\directx\sandrenderer\source\bin\win32\release\shaderstagestate.obj
e:\github\directx\sandrenderer\source\bin\win32\release\shaderstage.obj
e:\github\directx\sandrenderer\source\bin\win32\release\shaderresourceviewconfig.obj
e:\github\directx\sandrenderer\source\bin\win32\release\shaderresourceview.obj
e:\github\directx\sandrenderer\source\bin\win32\release\shaderresourceparameterwriter.obj
e:\github\directx\sandrenderer\source\bin\win32\release\win32renderwindow.obj
e:\github\directx\sandrenderer\source\bin\win32\release\viewshadowmap.obj
e:\github\directx\sandrenderer\source\bin\win32\release\viewport.obj
e:\github\directx\sandrenderer\source\bin\win32\release\viewperspective.obj
e:\github\directx\sandrenderer\source\bin\win32\release\vertexstage.obj
e:\github\directx\sandrenderer\source\bin\win32\release\vertexshader.obj
e:\github\directx\sandrenderer\source\bin\win32\release\vertexelement.obj
e:\github\directx\sandrenderer\source\bin\win32\release\vertexbuffer.obj
e:\github\directx\sandrenderer\source\bin\win32\release\vector4fparameterwriter.obj
e:\github\directx\sandrenderer\source\bin\win32\release\vector4fparameter.obj
e:\github\directx\sandrenderer\source\bin\win32\release\vector4f.obj
e:\github\directx\sandrenderer\source\bin\win32\release\vector3fparameterwriter.obj
e:\github\directx\sandrenderer\source\bin\win32\release\vector3fparameter.obj
e:\github\directx\sandrenderer\source\bin\win32\release\vector3f.obj
e:\github\directx\sandrenderer\source\bin\win32\release\vector2fparameterwriter.obj
e:\github\directx\sandrenderer\source\bin\win32\release\vector2fparameter.obj
e:\github\directx\sandrenderer\source\bin\win32\release\vector2f.obj
e:\github\directx\sandrenderer\source\bin\win32\release\sstring.obj
e:\github\directx\sandrenderer\source\bin\win32\release\genericplatformstring.obj
e:\github\directx\sandrenderer\source\bin\win32\release\vtriangle.obj
e:\github\directx\sandrenderer\source\bin\win32\release\vmaterial.obj
e:\github\directx\sandrenderer\source\bin\win32\release\imgui_draw.obj
e:\github\directx\sandrenderer\source\bin\win32\release\imgui_demo.obj
e:\github\directx\sandrenderer\source\bin\win32\release\imgui.obj
e:\github\directx\sandrenderer\source\bin\win32\release\fileoutstream.obj
e:\github\directx\sandrenderer\source\bin\win32\release\fileinstream.obj
e:\github\directx\sandrenderer\source\bin\win32\release\sandgui.obj
e:\github\directx\sandrenderer\source\bin\win32\release\editormanager.obj
e:\github\directx\sandrenderer\source\bin\win32\release\stringutil.obj
e:\github\directx\sandrenderer\source\bin\win32\release\sandrenderer.tlog\cl.command.1.tlog
e:\github\directx\sandrenderer\source\bin\win32\release\sandrenderer.tlog\cl.read.1.tlog
e:\github\directx\sandrenderer\source\bin\win32\release\sandrenderer.tlog\cl.write.1.tlog
